2019-04-16 10:26:48,645 ----------------------------------------------------------------------------------------------------
2019-04-16 10:26:48,646 Evaluation method: MICRO_F1_SCORE
2019-04-16 10:26:48,652 ----------------------------------------------------------------------------------------------------
2019-04-16 10:26:50,017 epoch 1 - iter 0/61 - loss 0.02224615
2019-04-16 10:26:58,244 epoch 1 - iter 6/61 - loss 0.01960721
2019-04-16 10:27:07,090 epoch 1 - iter 12/61 - loss 0.01882219
2019-04-16 10:27:15,944 epoch 1 - iter 18/61 - loss 0.01851167
2019-04-16 10:27:24,238 epoch 1 - iter 24/61 - loss 0.01831918
2019-04-16 10:27:32,765 epoch 1 - iter 30/61 - loss 0.01820858
2019-04-16 10:27:41,331 epoch 1 - iter 36/61 - loss 0.01814199
2019-04-16 10:27:49,592 epoch 1 - iter 42/61 - loss 0.01808615
2019-04-16 10:27:58,133 epoch 1 - iter 48/61 - loss 0.01803182
2019-04-16 10:28:06,656 epoch 1 - iter 54/61 - loss 0.01803021
2019-04-16 10:28:14,817 epoch 1 - iter 60/61 - loss 0.01807042
2019-04-16 10:28:16,438 ----------------------------------------------------------------------------------------------------
2019-04-16 10:28:16,444 EPOCH 1 done: loss 0.0181 - lr 0.1000 - bad epochs 0
2019-04-16 10:28:29,239 DEV  : loss 0.01842460 - f-score 0.0000 - acc 0.0000
2019-04-16 10:29:17,589 TEST : loss 0.01774061 - f-score 0.0000 - acc 0.0000
2019-04-16 10:29:21,243 ----------------------------------------------------------------------------------------------------
2019-04-16 10:29:21,487 epoch 2 - iter 0/61 - loss 0.01780628
2019-04-16 10:29:24,565 epoch 2 - iter 6/61 - loss 0.01776728
2019-04-16 10:29:27,353 epoch 2 - iter 12/61 - loss 0.01770489
2019-04-16 10:29:30,231 epoch 2 - iter 18/61 - loss 0.01771445
2019-04-16 10:29:33,263 epoch 2 - iter 24/61 - loss 0.01769655
2019-04-16 10:29:36,256 epoch 2 - iter 30/61 - loss 0.01771730
2019-04-16 10:29:39,125 epoch 2 - iter 36/61 - loss 0.01772928
2019-04-16 10:29:42,128 epoch 2 - iter 42/61 - loss 0.01771764
2019-04-16 10:29:52,013 epoch 2 - iter 48/61 - loss 0.01770370
2019-04-16 10:29:55,155 epoch 2 - iter 54/61 - loss 0.01770987
2019-04-16 10:29:57,988 epoch 2 - iter 60/61 - loss 0.01778152
2019-04-16 10:29:59,557 ----------------------------------------------------------------------------------------------------
2019-04-16 10:29:59,559 EPOCH 2 done: loss 0.0178 - lr 0.1000 - bad epochs 0
2019-04-16 10:30:00,208 DEV  : loss 0.01838196 - f-score 0.0000 - acc 0.0000
2019-04-16 10:30:02,351 TEST : loss 0.01772769 - f-score 0.0000 - acc 0.0000
2019-04-16 10:30:05,963 ----------------------------------------------------------------------------------------------------
2019-04-16 10:30:06,161 epoch 3 - iter 0/61 - loss 0.01744013
2019-04-16 10:30:09,079 epoch 3 - iter 6/61 - loss 0.01762437
2019-04-16 10:30:11,932 epoch 3 - iter 12/61 - loss 0.01763288
2019-04-16 10:30:14,890 epoch 3 - iter 18/61 - loss 0.01762475
2019-04-16 10:30:17,844 epoch 3 - iter 24/61 - loss 0.01766836
2019-04-16 10:30:20,678 epoch 3 - iter 30/61 - loss 0.01767213
2019-04-16 10:30:23,576 epoch 3 - iter 36/61 - loss 0.01766940
2019-04-16 10:30:26,616 epoch 3 - iter 42/61 - loss 0.01765976
2019-04-16 10:30:29,540 epoch 3 - iter 48/61 - loss 0.01765782
2019-04-16 10:30:32,409 epoch 3 - iter 54/61 - loss 0.01764003
2019-04-16 10:30:35,217 epoch 3 - iter 60/61 - loss 0.01773759
2019-04-16 10:30:36,791 ----------------------------------------------------------------------------------------------------
2019-04-16 10:30:36,795 EPOCH 3 done: loss 0.0177 - lr 0.1000 - bad epochs 0
2019-04-16 10:30:37,411 DEV  : loss 0.01818258 - f-score 0.0000 - acc 0.0000
2019-04-16 10:30:39,571 TEST : loss 0.01762315 - f-score 0.0000 - acc 0.0000
2019-04-16 10:30:43,512 ----------------------------------------------------------------------------------------------------
2019-04-16 10:30:43,745 epoch 4 - iter 0/61 - loss 0.01765337
2019-04-16 10:30:46,672 epoch 4 - iter 6/61 - loss 0.01772860
2019-04-16 10:30:49,521 epoch 4 - iter 12/61 - loss 0.01769965
2019-04-16 10:30:53,252 epoch 4 - iter 18/61 - loss 0.01766138
2019-04-16 10:30:57,178 epoch 4 - iter 24/61 - loss 0.01765941
2019-04-16 10:31:01,062 epoch 4 - iter 30/61 - loss 0.01767562
2019-04-16 10:31:04,910 epoch 4 - iter 36/61 - loss 0.01765415
2019-04-16 10:31:08,592 epoch 4 - iter 42/61 - loss 0.01764541
2019-04-16 10:31:11,488 epoch 4 - iter 48/61 - loss 0.01767139
2019-04-16 10:31:14,307 epoch 4 - iter 54/61 - loss 0.01768081
2019-04-16 10:31:17,136 epoch 4 - iter 60/61 - loss 0.01775768
2019-04-16 10:31:18,774 ----------------------------------------------------------------------------------------------------
2019-04-16 10:31:18,781 EPOCH 4 done: loss 0.0178 - lr 0.1000 - bad epochs 0
2019-04-16 10:31:19,394 DEV  : loss 0.01818150 - f-score 0.0000 - acc 0.0000
2019-04-16 10:31:21,490 TEST : loss 0.01760770 - f-score 0.0000 - acc 0.0000
2019-04-16 10:31:21,498 ----------------------------------------------------------------------------------------------------
2019-04-16 10:31:21,746 epoch 5 - iter 0/61 - loss 0.01791187
2019-04-16 10:31:24,692 epoch 5 - iter 6/61 - loss 0.01772535
2019-04-16 10:31:27,939 epoch 5 - iter 12/61 - loss 0.01754906
2019-04-16 10:31:31,739 epoch 5 - iter 18/61 - loss 0.01762842
2019-04-16 10:31:35,246 epoch 5 - iter 24/61 - loss 0.01760880
2019-04-16 10:31:39,234 epoch 5 - iter 30/61 - loss 0.01756443
2019-04-16 10:31:42,887 epoch 5 - iter 36/61 - loss 0.01755872
2019-04-16 10:31:46,502 epoch 5 - iter 42/61 - loss 0.01757804
2019-04-16 10:31:50,132 epoch 5 - iter 48/61 - loss 0.01758344
2019-04-16 10:31:53,939 epoch 5 - iter 54/61 - loss 0.01759520
2019-04-16 10:31:57,446 epoch 5 - iter 60/61 - loss 0.01766956
2019-04-16 10:31:59,238 ----------------------------------------------------------------------------------------------------
2019-04-16 10:31:59,240 EPOCH 5 done: loss 0.0177 - lr 0.1000 - bad epochs 1
2019-04-16 10:32:00,216 DEV  : loss 0.01813924 - f-score 0.0000 - acc 0.0000
2019-04-16 10:32:03,671 TEST : loss 0.01757855 - f-score 0.0000 - acc 0.0000
2019-04-16 10:32:10,548 ----------------------------------------------------------------------------------------------------
2019-04-16 10:32:11,078 epoch 6 - iter 0/61 - loss 0.01760143
2019-04-16 10:32:15,139 epoch 6 - iter 6/61 - loss 0.01761016
2019-04-16 10:32:18,828 epoch 6 - iter 12/61 - loss 0.01755487
2019-04-16 10:32:23,233 epoch 6 - iter 18/61 - loss 0.01751616
2019-04-16 10:32:26,989 epoch 6 - iter 24/61 - loss 0.01752922
2019-04-16 10:32:30,589 epoch 6 - iter 30/61 - loss 0.01750760
2019-04-16 10:32:34,404 epoch 6 - iter 36/61 - loss 0.01753447
2019-04-16 10:32:37,998 epoch 6 - iter 42/61 - loss 0.01750374
2019-04-16 10:32:41,811 epoch 6 - iter 48/61 - loss 0.01750446
2019-04-16 10:32:45,527 epoch 6 - iter 54/61 - loss 0.01749307
2019-04-16 10:32:49,019 epoch 6 - iter 60/61 - loss 0.01758606
2019-04-16 10:32:50,727 ----------------------------------------------------------------------------------------------------
2019-04-16 10:32:50,727 EPOCH 6 done: loss 0.0176 - lr 0.1000 - bad epochs 0
2019-04-16 10:32:51,755 DEV  : loss 0.01813108 - f-score 0.0000 - acc 0.0000
2019-04-16 10:32:55,487 TEST : loss 0.01756213 - f-score 0.0000 - acc 0.0000
2019-04-16 10:33:02,099 ----------------------------------------------------------------------------------------------------
2019-04-16 10:33:02,401 epoch 7 - iter 0/61 - loss 0.01688294
2019-04-16 10:33:06,389 epoch 7 - iter 6/61 - loss 0.01758143
2019-04-16 10:33:10,051 epoch 7 - iter 12/61 - loss 0.01754150
2019-04-16 10:33:14,125 epoch 7 - iter 18/61 - loss 0.01753920
2019-04-16 10:33:17,768 epoch 7 - iter 24/61 - loss 0.01750892
2019-04-16 10:33:21,434 epoch 7 - iter 30/61 - loss 0.01750493
2019-04-16 10:33:25,116 epoch 7 - iter 36/61 - loss 0.01746928
2019-04-16 10:33:28,743 epoch 7 - iter 42/61 - loss 0.01747689
2019-04-16 10:33:32,292 epoch 7 - iter 48/61 - loss 0.01749335
2019-04-16 10:33:36,089 epoch 7 - iter 54/61 - loss 0.01749064
2019-04-16 10:33:39,754 epoch 7 - iter 60/61 - loss 0.01756867
2019-04-16 10:33:41,429 ----------------------------------------------------------------------------------------------------
2019-04-16 10:33:41,431 EPOCH 7 done: loss 0.0176 - lr 0.1000 - bad epochs 0
2019-04-16 10:33:42,526 DEV  : loss 0.01814081 - f-score 0.0000 - acc 0.0000
2019-04-16 10:33:46,168 TEST : loss 0.01756052 - f-score 0.0000 - acc 0.0000
2019-04-16 10:33:53,406 ----------------------------------------------------------------------------------------------------
2019-04-16 10:33:53,745 epoch 8 - iter 0/61 - loss 0.01781601
2019-04-16 10:33:56,800 epoch 8 - iter 6/61 - loss 0.01746749
2019-04-16 10:33:59,895 epoch 8 - iter 12/61 - loss 0.01750333
2019-04-16 10:34:02,874 epoch 8 - iter 18/61 - loss 0.01749574
2019-04-16 10:34:05,977 epoch 8 - iter 24/61 - loss 0.01744360
2019-04-16 10:34:09,122 epoch 8 - iter 30/61 - loss 0.01743196
2019-04-16 10:34:38,548 epoch 8 - iter 36/61 - loss 0.01747223
2019-04-16 10:34:41,533 epoch 8 - iter 42/61 - loss 0.01748383
2019-04-16 10:34:44,463 epoch 8 - iter 48/61 - loss 0.01747571
2019-04-16 10:34:47,316 epoch 8 - iter 54/61 - loss 0.01749628
2019-04-16 10:34:50,096 epoch 8 - iter 60/61 - loss 0.01757009
2019-04-16 10:34:51,690 ----------------------------------------------------------------------------------------------------
2019-04-16 10:34:51,692 EPOCH 8 done: loss 0.0176 - lr 0.1000 - bad epochs 0
2019-04-16 10:34:52,341 DEV  : loss 0.01808142 - f-score 0.0000 - acc 0.0000
2019-04-16 10:34:54,512 TEST : loss 0.01751689 - f-score 0.0000 - acc 0.0000
2019-04-16 10:34:54,519 ----------------------------------------------------------------------------------------------------
2019-04-16 10:34:54,806 epoch 9 - iter 0/61 - loss 0.01732347
2019-04-16 10:34:57,774 epoch 9 - iter 6/61 - loss 0.01729308
2019-04-16 10:35:00,685 epoch 9 - iter 12/61 - loss 0.01736927
2019-04-16 10:35:03,565 epoch 9 - iter 18/61 - loss 0.01739347
2019-04-16 10:35:06,420 epoch 9 - iter 24/61 - loss 0.01742055
2019-04-16 10:35:09,334 epoch 9 - iter 30/61 - loss 0.01738283
2019-04-16 10:35:12,228 epoch 9 - iter 36/61 - loss 0.01739374
2019-04-16 10:35:15,089 epoch 9 - iter 42/61 - loss 0.01740134
2019-04-16 10:35:18,016 epoch 9 - iter 48/61 - loss 0.01739447
2019-04-16 10:35:20,867 epoch 9 - iter 54/61 - loss 0.01740410
2019-04-16 10:35:24,004 epoch 9 - iter 60/61 - loss 0.01747784
2019-04-16 10:35:25,642 ----------------------------------------------------------------------------------------------------
2019-04-16 10:35:25,643 EPOCH 9 done: loss 0.0175 - lr 0.1000 - bad epochs 1
2019-04-16 10:35:26,301 DEV  : loss 0.01814455 - f-score 0.0000 - acc 0.0000
2019-04-16 10:35:28,578 TEST : loss 0.01756682 - f-score 0.0000 - acc 0.0000
2019-04-16 10:35:32,238 ----------------------------------------------------------------------------------------------------
2019-04-16 10:35:32,420 epoch 10 - iter 0/61 - loss 0.01699417
2019-04-16 10:35:35,322 epoch 10 - iter 6/61 - loss 0.01742648
2019-04-16 10:35:38,269 epoch 10 - iter 12/61 - loss 0.01744501
2019-04-16 10:35:41,213 epoch 10 - iter 18/61 - loss 0.01737148
2019-04-16 10:35:44,213 epoch 10 - iter 24/61 - loss 0.01732573
2019-04-16 10:35:47,235 epoch 10 - iter 30/61 - loss 0.01740989
2019-04-16 10:35:50,032 epoch 10 - iter 36/61 - loss 0.01739344
2019-04-16 10:35:52,940 epoch 10 - iter 42/61 - loss 0.01739287
2019-04-16 10:35:55,882 epoch 10 - iter 48/61 - loss 0.01739660
2019-04-16 10:35:58,796 epoch 10 - iter 54/61 - loss 0.01738380
2019-04-16 10:36:01,653 epoch 10 - iter 60/61 - loss 0.01746078
2019-04-16 10:36:03,307 ----------------------------------------------------------------------------------------------------
2019-04-16 10:36:03,308 EPOCH 10 done: loss 0.0175 - lr 0.1000 - bad epochs 0
2019-04-16 10:36:03,976 DEV  : loss 0.01811443 - f-score 0.0000 - acc 0.0000
2019-04-16 10:36:06,252 TEST : loss 0.01751783 - f-score 0.0000 - acc 0.0000
2019-04-16 10:36:14,010 ----------------------------------------------------------------------------------------------------
2019-04-16 10:36:14,016 Testing using best model ...
2019-04-16 10:36:14,017 loading file data_dump\run2\best-model.pt
2019-04-16 10:36:17,587 MICRO_AVG: acc 0.0 - f1-score 0.0
2019-04-16 10:36:17,594 MACRO_AVG: acc 0.0 - f1-score 0.0
2019-04-16 10:36:17,595 comp.graphics tp: 0 - fp: 0 - fn: 389 - tn: 1171 - precision: 0.0000 - recall: 0.0000 - accuracy: 0.0000 - f1-score: 0.0000
2019-04-16 10:36:17,595 comp.os.ms-windows.misc tp: 0 - fp: 0 - fn: 394 - tn: 1166 - precision: 0.0000 - recall: 0.0000 - accuracy: 0.0000 - f1-score: 0.0000
2019-04-16 10:36:17,596 comp.sys.ibm.pc.hardware tp: 0 - fp: 0 - fn: 392 - tn: 1168 - precision: 0.0000 - recall: 0.0000 - accuracy: 0.0000 - f1-score: 0.0000
2019-04-16 10:36:17,597 comp.sys.mac.hardware tp: 0 - fp: 0 - fn: 385 - tn: 1175 - precision: 0.0000 - recall: 0.0000 - accuracy: 0.0000 - f1-score: 0.0000
2019-04-16 10:36:17,598 ----------------------------------------------------------------------------------------------------
